<?xml version="1.0" encoding="UTF-8"?>
<!-- Generated by org.testng.reporters.JUnitXMLReporter -->
<testsuite ignored="0" hostname="sAtishR" failures="0" tests="2" name="Default test(failed)" time="0.045" errors="0" timestamp="2023-04-02T16:43:39 IST">
  <testcase classname="com.orangeHRM.TestCase.BS" name="@BeforeClass setUp" time="-1.68043401968E9">
    <failure type="org.testng.TestNGException" message="
Parameter &amp;apos;Browser&amp;apos; is required by BeforeClass on method setUp but has not been marked @Optional or defined
in C:\Users\Satish R\eclipse-workspace\orangeHRM\test-output\testng-failed.xml">
      <![CDATA[org.testng.TestNGException: 
Parameter 'Browser' is required by BeforeClass on method setUp but has not been marked @Optional or defined
in C:\Users\Satish R\eclipse-workspace\orangeHRM\test-output\testng-failed.xml
at java.base/java.util.ArrayList.forEach(ArrayList.java:1541)
... Removed 22 stack frames]]>
    </failure>
  </testcase> <!-- @BeforeClass setUp -->
  <testcase classname="com.orangeHRM.TestCase.BS" name="@AfterClass browserClosed" time="-1.680434019712E9">
    <skipped/>
  </testcase> <!-- @AfterClass browserClosed -->
  <testcase classname="com.orangeHRM.TestCase.TC_HomePage_01" name="LoginTest" time="0.0">
    <skipped/>
  </testcase> <!-- LoginTest -->
  <testcase classname="com.orangeHRM.TestCase.TC_HomePage_01" name="HomePage" time="0.0">
    <skipped/>
  </testcase> <!-- HomePage -->
</testsuite> <!-- Default test(failed) -->
